[    0.0000] Lux vsin 4..045-generc (build@lgw01-amd64-031) (g version 7.3.0 (Ubuntu 7.3.06uuntu3)) #48-UbtuSMP e an9 6:28:13 TC209 (Ubuntu 4.15.0-45.48-genic4.158)
[    0.000000Comandin: BO_IAGE=oot/vmliz-4.15.0-4-gener root=BEL=cldimgoofs rcosolety conlettyS0[    0.00000 KRNELsuortecps:
  0.000000]   Intel GenuineIntel
   0.0000]   A AthenticAD
[    0.0000] Cetaurenauaus
[    000000]86fp Spporting SAVE featue 0x01 'x8 flatng pointegisters'
[    0.000000] x86/fpu: Suorting XSAVE featurex002: 'SSE registers'
[    0.0000]x86/fpu: Supporting XSAVE feature 0x004: 'AVX registers'
[    0.000000] x86/fpu: xstate_offset[2  57, xsate_sies]:  25
[  0.00000] x6/fp: Enbledstte feares 0x7, cntexsie  82 bys,usin'staar' foat
[  0000000] 820: BS-pridd hyicalRAM ap
[  00000] IOS-e820: [mem 0000000000000-0x000000000fbff] able
[  0.000000] BIOS82: [memx000000009fc00-000000000fff] rerved
[    0.000000] BOS-e20[mem 0x0000000000f000-000000000fff] eserved[   .00000BIS-e820: em 0x00000000000-0x000000003ffeffff] usable
[    000000]IO-e0:[memx00000fff000-0x0000000fffffff] ACPI data
[    0.0000]BIOS-e0: [mem 000000ec000-0x00000000fec00fff] reserved
[    0.0000]BIOS-e820: [mem 0x00000000e0000-000000ee0fffreered
   0.00000 BIO-e0: [m x00000000fffc0000-0x00000000ffffffff] reserved
[    0.000000] NX (Executeisab) rotection: active
[   0.0000 SMBIOS 2.5 present.
[    0.000000] DMI innotek GmbH VirtualBox/Virtualx, BIOS iralBo1201/2006
[   0.0000] Hypervisor detected: KVM
[    0.000000]820: last_pfn = 0x3fff0 max_archfn = 0x40000000
[   0.0000] MTRRDisabled
   0.000] x86/PAT: MTRRs disbled sippingATinitiaizatiotoo.[    00000] U MTs ll blank- viualid yste
    0.00000]86/PATCofigutin [0-7]: W  WTUC U W  WTUC- C  
    0.000] fnd SP P-ab at me0x00ff0-0x09ff] appeat [     (rvl)]
[   .0000 Scannin 1 areas or low memory corruption[    00000 RMDIS: mem x3ae1000-0x3d67f]
[  0.0000 ACPI: Ely tlechksm vericati dsabled
[   0.0000] AC: SDP 00000000000000024 (2 VBOX  
[    00000]ACI: XDT0x000003F030 000C (v01BO   VXXSDT 000001 L  0000061
[  00000] AC: ACP 0x000000FF0F0 004 (v VBOX VBOXFA 00000 ASL0000061
[    0.0000 API: DS 0x00000003FFF04 002FF(v02 VX  VBOIO 00000002 ITL 20028)
[    .00000ACPIFAS 0x000003F0000040
[  0.000000]ACPIFACS 00000003FFF020 0040
[  0000000ACPIAPC 0x0000003F020 005C (2 BOX VBXAPIC 0000001AS 000001)
[   0000] CPI:SD 0x000000003FFF02A0 001CC v0 VBOX   OXCPU0000002 INTL 20100528)
[    000000NoNUMA cfigutin found
[   0.000000] Faking a nod at [mem 0x000000000000000x000003fefff
[   .000000]ODE_TA(0allocad mem 0x3ffc500-0x3ffefff]
[  0.000] kvm-ock: cpu0, m 0:34401, prary u lock
[    000000kvm-oc: Usg srs 564d ad 4b4d00
[    0.00000] kv-clo: singched oset  3598400cycl
[  00000] lockure: kvm-cock: mask:0xffffffffffffffmax_cyes: 1c42e4fb m_idle_: 881505143 ns[   0.000] Zo rnges:[   .00000  MA    mem 0x0000000000100-0x000000000fff]
[    0.000000]   DMA32  [em 0x00000010000-000000ffffff][   000000  Noma  empt
[  0.0000  DDevce  emy
[  0.000000] Movablzoe stt for eah de
  0.000000] Early memory node ranges
[    0.0000] nde  : me0x000000000100x000000009eff
[  0000000]   ode 0:[memx00000001000-0x0000003ffff]
[   0000] esered bt unaiable11 pag
    0000 Iitme seup ne  [me0x00000000010-x000000003feff]
[  .0000]ACPI: PM-Timer IPort0x008
[    0.000] IOAC[0]: icid 2, version 32, address fe00000, GSI 023
[    0.000000] ACPI: INT_SRC_OVR (bus 0 bus_irq 0 global_irq 2 dfl dfl)
[    0.000000] ACPI: INT_SRC_OVR (bus 0 bus_irq 9 global_irq 9 low level)
[    0.000000] Using ACPI (MADT) for SMP configuration information
[    0.000000] smpboot: Allowing 2 CPUs, 0 hotplug CPUs
[    0.000000] PM: Registered nosave memory: [mem 0x00000000-0x00000fff]
[    0.000000] PM: Registered nosave memory: [mem 0x0009f000-0x0009ffff]
[    0.000000] PM: Registered nosave memory: [mem 0x000a0000-0x000effff]
[    0.000000] PM: Registered nosave memory: [mem 0x000f0000-0x000fffff]
[    0.000000] e820: [mem 0x40000000-0ebfffff] availlefor PCI devices
[   .000000]Bookersting paravirtualized kernel o KVM
  0.0000 closorc rfinejifi: ask:xfffffmax_cles: xffffff, m_idlns 7559600158 ns
[  0.00000] rdom:et_ranm_bys allefrm art_rnl+0x/0x4 wth nginit
  0.0000 setup_percpu:NRCPUS192 nrpumaskbis:2 _cpu_ids nr_deids:1
[   .0000] peru: Eeded 46 ges/u @     (prv) 151552 r8192 d28672 u1048576
[   0000] VV qsplock hshablenties: 2 (orr:0, 46 yts)
    0.00000]Bult 1onelst mobility grouping on.  Totapaes: 257913
[    0.000000] Pic zon DMA
[   .0000] Kerelommandine: BOOT_MAGEboot/vmlin-4.10-5-geri root=LAEL=cudimrotfs  conso=ty1 conole=yS0    0.0000Meory:8312K/4812 avaable12300Kernecoe,47K rwta, 52 roda,2408int, 2416Kbss,4508reerve 0K maeserve
[    000000] SLUB: HWalign=64, Oer=03,MinObjts=0CPs=2,odes
  0.0000 KerneUsr page abes isotion: enled[   0.000] fac: loating 194 enie in 15pages
[   .004000] Herarhial RU plemtation.[    00400 	CU retrtingPU from NR_CUS=82 o nr_c_ids.
[  0.0040] 	Tass CU enaed.
[   .00400] RCU: Ajuting gmetr fr rcu_faut_lf=6,r_pu_i=2
[    0.0400]R_IR: 2454 n_irqs:40, prllocedirqs16
[   .04000] Console:olour VG 80x25[    0.004000] csole [ty1 eable
[   00400cosolettS0] abed[    004000] ACPI: Core revision 20170831
[    0.400] AI:2 ACPI AML tables successful aquired and loaded
[  0.004000] APIC: Switch to symmetric I/O mode setup
[    0.004254] x2apic enabled
[    0.008008] Switched APIC routing to physical x2apic.
[    0.016245] ..TIMER: vector=0x30 apic1=0 pin1=2 apic2=-1 pin2=-1
[    0.020007] tsc: Detected 2304.000 MHz processor
[    0.024012] Calibrating delay loop (skipped) preset value.. 4608.00 BogoMIPS (lpj=9216000)
[    0.028009] pid_max: default: 32768 minimum: 301
[    0.032047] Security Framework initialized
[    0.036013] Yama: becoming mindful.
[    0.040044] AppArmor: AppArmor initialized
[    0.048044] Dentry cache hash table entries: 131072 (order: 8, 1048576 bytes)
[    0.052092] Inode-cache hash table entries: 65536 (order: 7, 524288 bytes)
[    0.056035] Mount-cache hash table entries: 2048 (order: 2, 16384 bytes)
[    0.060022] Mountpoint-cache hash table entries: 2048 (order: 2, 16384 bytes)
[    0.064233] mce: CPU supports 0 MCE banks
[    0.068027] Last level iTLB entries: 4KB 64, 2MB 8, 4MB 8
[    0.072009] Last level dTLB entries: 4KB 64, 2MB 0, 4MB 0, 1GB 4
[    0.076008] Spectre V2 : Mitigation: Full generic retpoline
[    0.080007] Spectre V2 : Spectre v2 / SpectreRSB mitigation: Filling RSB on context switch
[    0.084008] Speculative Store Bypass: Vulnerable
[    0.088101] Freeing SMP alternatives memory: 36K
[    0.096000] smpboot: CPU0: Intel(R) Core(TM) i5-8259U CPU @ 2.30GHz (family: 006, model: 0x8e, stepping: 0xa)
[    0.096097] Performance Events: unsupported p6 CPU model 142 no PMU driver, software events only.
[    0.100085] Hierarchical SRCU implementation.
[    0.104612] NMI watchdog: Perf event create on CPU 0 failed with -2
[    0.108008] NMI watchdog: Perf NMI watchdog permanently disabled
[    0.112084] smp: Bringing up secondary CPUs ...
[    0.116104] x86: Bookersting SMP configuration:
[    0.120010] .... node  #0, CPUs:      #1
[    0.004000] kvm-clock: cpu 1, msr 0:3ff44041, secondary cpu clock
[    0.004000] mce: CPU supports 0 MCE banks
[    0.491634] smp: Brought up 1 node, 2 CPUs
[    0.492012] smpboot: Max logical packages: 1
[    0.496010] smpboot: Total of 2 processors activated (9216.00 BogoMIPS)
[    0.500164] devtmpfs: initialized
[    0.508048] x86/mm: Memory block size: 128MB
[    0.512237] evm: security.selinux
[    0.516007] evm: security.SMACK64
[    0.520007] evm: security.SMACK64EXEC
[    0.524009] evm: security.SMACK64TRANSMUTE
[    0.528007] evm: security.SMACK64MMAP
[    0.532007] evm: security.apparmor
[    0.536008] evm: security.ima
[    0.540008] evm: security.capability
[    0.544098] clocksource: jiffies: mask: 0xffffffff max_cycles: 0xffffffff, max_idle_ns: 7645041785100000 ns
[    0.548028] futex hash table entries: 512 (order: 3, 32768 bytes)
[    0.552143] pinctrl core: initialized pinctrl subsystem
[    0.557355] RTC time:  4:24:27, date: 02/14/19
[    0.560375] NET: Registered protocol family 16
[    0.568108] audit: initializing netlink subsys (disabled)
[    0.572062] audit: type=2000 audit(1550118230.403:1): state=initialized audit_enabled=0 res=1
[    0.716010] cpuidle: using governor ladder
[    0.720021] cpuidle: using governor menu
[    0.724065] ACPI: bus type PCI registered
[    0.728007] acpiphp: ACPI Hot Plug PCI Controller Driver version: 0.5
[    0.732132] PCI: Using configuration type 1 for base access
[    0.737051] HugeTLB registered 2.00 MiB page size, pre-allocated 0 pages
[    0.740206] ACPI: Added _OSI(Module Device)
[    0.744059] ACPI: Added _OSI(Processor Device)
[    0.748010] ACPI: Added _OSI(3.0 _SCP Extensions)
[    0.752009] ACPI: Added _OSI(Processor Aggregator Device)
[    0.756012] ACPI: Added _OSI(Linux-Dell-Video)
[    0.760012] ACPI: Added _OSI(Linux-Lenovo-NV-HDMI-Audio)
[    0.764012] ACPI: Added _OSI(Linux-HPI-Hybrid-Graphics)
[    0.768476] ACPI: Executed 1 blocks of module-level executable AML code
[    0.776717] ACPI: Interpreter enabled
[    0.780032] ACPI: (supports S0 S5)
[    0.784008] ACPI: Using IOAPIC for interrupt routing
[    0.788242] PCI: Using host bridge windows from ACPI; if necessary, use "pci=nocrs" and report a bug
[    0.792216] ACPI: Enabled 2 GPEs in block 00 to 07
[    0.804789] ACPI: PCI Root Bridge [PCI0] (domain 0000 [bus 00-ff])
[    0.808022] acpi PNP0A03:00: _OSC: OS supports [ASPM ClockPM Segments MSI]
[    0.812057] acpi PNP0A03:00: _OSC: not requesting OS control; OS requires [ExtendedConfig ASPM ClockPM MSI]
[    0.816032] acpi PNP0A03:00: fail to add MMCONFIG information, can't access extended PCI configuration space under this bridge.
[    0.820423] PCI host bridge to bus 0000:00
[    0.824009] pci_bus 0000:00: root bus resource [io  0x0000-0x0cf7 window]
[    0.828012] pci_bus 0000:00: root bus resource [io  0x0d00-0xffff window]
[    0.832012] pci_bus 0000:00: root bus resource [mem 0x000a0000-0x000bffff window]
[    0.836006] pci_bus 0000:00: root bus resource [mem 0x40000000-0xfdffffff window]
[    0.840010] pci_bus 0000:00: root bus resource [bus 00-ff]
[    0.846215] pci 0000:00:01.1: legacy IDE quirk: reg 0x10: [io  0x01f0-0x01f7]
[    0.848011] pci 0000:00:01.1: legacy IDE quirk: reg 0x14: [io  0x03f6]
[    0.852011] pci 0000:00:01.1: legacy IDE quirk: reg 0x18: [io  0x0170-0x0177]
[    0.856005] pci 0000:00:01.1: legacy IDE quirk: reg 0x1c: [io  0x0376]
[    0.875783] pci 0000:00:07.0: quirk: [io  0x4000-0x403f] claimed by PIIX4 ACPI
[    0.876023] pci 0000:00:07.0: quirk: [io  0x4100-0x410f] claimed by PIIX4 SMB
[    0.890339] ACPI: PCI Interrupt Link [LNKA] (IRQs 5 9 10 *11)
[    00892419] ACPI: PCI Interrupt Link [LNKB] (IRQs 5 9 *10 11)
[    0.896164] ACPI: PCI Interrupt Link [LNKC] (IRQs 5 *9 10 11)
[    0.900136] ACPI: PCI Interrupt Link [LNKD] (IRQs 5 9 10 *11)
[    0.904378] SCSI subsystem initialized
[    0.908055] pci 0000:00:02.0: vgaarb: setting as boot VGA device
[    0.912000] pci 0000:00:02.0: vgaarb: VGA device added: decodes=io+mem,owns=io+mem,locks=none
[    0.912028] pci 0000:00:02.0: vgaarb: bridge control possible
[    0.916007] vgaarb: loaded
[    0.920057] ACPI: bus type USB registered
[    0.924030] usbcore: registered new interface driver usbfs
[    0.928018] usbcore: registered new interface driver hub
[    0.932029] usbcore: registered new device driver usb
[    0.936078] EDAC MC: Ver: 3.0.0
[    0.940304] PCI: Using ACPI for IRQ routing
[    0.944300] NetLabel: Initializing
[    0.948007] NetLabel:  domain hash size = 128
[    0.952006] NetLabel:  protocols = UNLABELED CIPSOv4 CALIPSO
[    0.956033] NetLabel:  unlabeled traffic allowed by default
[    0.960116] clocksource: Switched to clocksource kvm-clock
[    1.138051] VFS: skuos uo6.0  1.35] S:Dqt-chha tlenties: 5 (de0,09bys)
[    2.279452] AppArmor: AppArmor Filesystem Enabled
  2.17] p:nP APIin
  2.688] p: P PIfod dece

[   3154clksrc ai_: sk0xff mx_ycls:xffff,axdlns207024s  4.60] NET: Regisreproc fil2
[  4.03] P estblisd shab eri: 92orr:, 53bys)[  5480] TCP bind hash table entries: 8192 rd:  107bys)
   5.3866]TC: shabs ongud stlied19bi 82)
[    6496]DPastae tres: 2 orr: 2, 1634 yts)[  7246]DPitha tlentes51(oer2,63 bes)
[   79486NE Risreproc fil1[    8.416 p 00::00:imindictCICI trafe
  9.64] i 00:0:0.0AcvangSAMAanwoarnd

[    9.75219] i 000:.0: dedeceitshow R a[m 000c00-00ff]
[   10.620704] Unpacking initramfs...
[   11.039865] Freeing initrd memory: 18972K
[   11.186094] platform rtc_cmos: registered platform RTC device (no PNP device found)
[   11.473260] Scanning for low memory corruption every 60 seconds
[   11.652475] Initialise system trusted keyrings
[   11.795560] Key type blacklist registered
[   11.919566] workingset: timestamp_bits=36 max_order=18 bucket_order=0
[   12.123644] zbud: loaded
[   12.203521] tsc: Refined TSC clocksource calibration: 2303.355 MHz
[   12.204480] squashfs: version 4.0 (2009/01/31) Phillip Lougher
[   12.204586] fuse init (API version 7.26)
[   12.205169] Key type asymmetric registered
[   12.205169] Asymmetric key parser 'x509' registered
[   12.205188] Block layer SCSI generic (bsg) driver version 0.4 loaded (major 246)
[   12.205260] io scheduler noop registered
[   12.205261] io scheduler deadline registered
[   12.205298] io scheduler cfq registered (default)
[   13.548442] clocksource: tsc: mask: 0xffffffffffffffff max_cycles: 0x2133969585a, max_idle_ns: 440795308715 ns
[   13.743047] ACPI: AC Adapter [AC] (off-line)
[   13.935340] input: Power Button as /devices/LNXSYSTM:0//LNXPWRBN:00/input/input0
[   14.305618] ACPI: Power Button [PWRF]
[   14.509295] input: SleepBButton as /devices/LNXSYSTM:00/LNXSLPBN:00/input/input1
[   14.746624] ACPI: Sleep Button [SLPF]
[   14.764536] Serial: 8250/16550 driver, 32 ports, IRQ sharing enabled
[   14.765784] ACPI: Battery Slot [BAT0] (battery present)
[   15.288140] 00:02: ttyS0 at I/O 0x3f8 (irq = 4, base_baud = 115200) is a 16550A
[   15.816677] Linux agpgart interface v0.103
[   15.841245] loop: module loaded
[   15.858488] scsi host0: ata_piix
[   15.865810] scsi host1: ata_piix
[   15.866463] ata1: PATA max UDMA/33 cmd 0x1f0 ctl 0x3f6 bmdma 0xd000 irq 14
[   15.867693] ata2: PATA max UDMA/33 cmd 0x170 ctl 0x376 bmdma 0xd008 irq 15
[   15.869008] libphy: Fixed MDIO Bus: probed
[   15.869820] tun: Universal TUN/TAP device driver, 1.6
[   15.870860] PPP generic driver version 2.4.2
[   15.871688] ehci_hcd: USB 2.0 'Enhanced' Host Controller (EHCI) Driver
[   15.872881] ehci-pci: EHCI PCI platform driver
[   15.881121] ehci-platform: EHCI generic platform driver
[   15.882043] ohci_hcd: USB 1.1 'Open' Host Controller (OHCI) Driver
[   16.061660] ohci-pci: OHCI PCI platform driver
[   16.360381] ohci-platform: OHCI generic platform driver
[   16.669213] uhci_hcd: USB Universal Host Controller Interface driver
[   16.913824] i8042: PNP: PS/2 Controller [PNP0303:PS2K,PNP0f03:PS2M] at 0x60,0x64 irq 1,12
[   16.951548] serio: i8042 KBD port at xx60,0x64 irq 1
[   17.254228] serio: i8042 AUX port at 0x60,0x64 irq 12
[   17.625332] mousedev: PS/2 mouse device common for all mice
[   17.925300] input: AT Translated Set 2 keyboard as /devices/platform/i8042/serio0/input/input2
[   18.021971] rtc_cmos rtc_cmos: rtc core: registered rtc_cmos as rtc0
[   18010]tcmortcm: ar utoneay11bys ra

[   18.4694] i2/d eris iv
  9.31] iep2mdAMR)CI M Cmucaonrir rson: 1.0
[   .080 dicmape uen vsi 10.3
[   20.516593] device-mapper: ioctl: 4.37.0-ioctl (2017-09-20) initialised: dm-devel@redhat.com
[   20.781997] ledtrig-cpu: registered to indicate activity on CPUs
[   20.994684] NET: Registered protocol family 10
[   21.137136] Segment Routing with IPv6
[   21.249009] NET: Registered protocol family 17
[   21.346110] Key type dns_resolver registered
[   21.462219] RAS: Correctable Errors collector initialized.
[   21.631628] sched_clock: Marking stable (21631592484, 0)->(72082662635, -50451070151)
[   21.915134] registered taskstats version 1
[   22628]oangomiledin.59 rtices
[   22.580497] Loaded X.509 cert 'Build time autogenerated kernel key: e3b8f44ffaaceef3e3a84cfaebd8e5a9acebeaad'
[   22.877394] zswap: loaded using pool lzo/zbud
[   23.015365] Key type big_key registered
[   23.117378] Key type trusted registered
[   23.238144] Key type encrypted registered
[   23.354605] AppArmor: AppArmor sha1 policy hashing enabled
[   23.469786] ima: No TPM chip found, activating TPM-bypass! (rc=-19)
[   23.618088] ima: Allocated hash algorithm: sha1
[   23.781910] evm: HMAC attrs: 0x1
[   23.894262]   Magic number: 7:821:413
[   24.0132rtcm r_cs:etngysm lock t20-0144::5UT(15501899

[   4.23035] BIOS D city0. 24-n-, dece foun
[ 25117]EDDinoration noavlae. [   25.959154] Freeing unused kernel memory: 2408K
[   26.876663] Write protecting the kernel read-only data: 20480k
[   28.123873] Freeing unused kernel memory: 2008K
[   29.039368] Freeing unused kernel memory: 1892K
[   29.924686] x86/mm: Checked W+X mappings: passed, no W+X pages found.
[   31.282058] x86/mm: Checking user space page tables
[   32.328137] x86/mm: Checked W+X mappings: passed, no W+X pages found.
Loading, please wait...
starting version 237
[   33.815847] Fusion MPT base driver 3.04.20
[   33.984069] Copyright (c) 1999-2008 LSI Corporation
[   34.148282] e1000: Intel(R) PRO/1000 Network Driver - version 7.3.21-k8-NAPI
[   34.357048] e1000: Copyright (c) 1999-2006 Intel Corporation.
[   34.408713] AVX2 version of gcm_enc/dec engaged.
[   34.560229] AES CTR mode by8 optimization enabled
[   34.682790] input: ImExPS/2 Generic Explorer Mouse as /devices/platform/i8042/serio1/input/input4
[   34.743888] Fusion MPT SPI Host driver 3.04.20
[   35.069583] e1000 0000:00:03.0 eth0: (PCI:33MHz:32-bit) 02:f0:19:99:0e:05
[   36.516550] e1000 0000:00:03.0 eth0: Intel(R) PRO/1000 Network Connection
[   36.609996] mptbase: ioc0: Initiating bringup
[   36.885023] ioc0: LSI53C1030 A0: Capabilities={Initiator}
[   38.090895] scsi host2: ioc0: LSI53C1030 A0, FwRev=00000000h, Ports=1, MaxQ=256, IRQ=20
[   38.975728] scsi 2:0:0:0: Direct-Access     VBOX     HARDDISK         1.0  PQ: 0 ANSI: 5
[   39.672097] scsi target2:0:0: Beginning Domain Validation
[   39.830097] scsi target2:0:0: Domain Validation skipping write tests
[   39.878735] scsi target2:0:0: Ending Domain Validation
[   40.006681] scsi target2:0:0: asynchronous
[   40.025448] e1000 0000:00:08.0 eth1: (PCI:33MHz:32-bit) 08:00:27:1d:8c:4d
[   40.025452] e1000 0000:00:08.0 eth1: Intel(R) PRO/1000 Network Connection
[   40.716691] e1000 0000:00:03.0 enp0s3: renamed from eth0
[   40.884110] scsi 2:0:1:0: Direct-Access     VBOX     HARDDISK         1.0  PQ: 0 ANSI: 5
[   41.068518] e1000 0000:00:08.0 enp0s8: renamed from eth1
[   41.408118] scsi target2:0:1: Beginning Domain Validation
[   41.572176] random: fast init done
[   41.703071] scsi target2:0:1: Domain Validation skipping write tests
[   41.886182] scsi target2:0:1: Ending Domain Validation
[   42.020721] scsi target2:0:1: asynchronous
[   42.039253] random: systemd-udevd: uninitialized urandom read (16 bytes read)
[   42.058245] sd 2:0:0:0: Attached scsi generic sg0 type 0
[   42.058463] sd 2:0:0:0: [sda] 20971520 512-byte logical blocks: (10.7 GB/10.0 GiB)
[   42.058497] sd 2:0:0:0: [sda] Write Protect is off
[   42.058615] sd 2:0:0:0: [sda] Incomplete mode parameter data
[   42.058616] sd 2:0:0:0: [sda] Assuming drive cache: write through
[   42.059918]  sda: sda1
[   42.060317] sd 2:0:0:0: [sda] Attached SCSI disk
[   42.236772] random: systemd-udevd: uninitialized urandom read (16 bytes read)
[   42.236777] random: systemd-udevd: uninitialized urandom read (16 bytes read)
[   42.653093] sd 2:0:1:0: Attached scsi generic sg1 type 0
[   42.853194] sd 2:0:1:0: [sdb] 20480 512-byte logical blocks: (10.5 MB/10.0 MiB)
[   43.078790] sd 2:0:1:0: [sdb] Write Protect is off
[   43.768920] sd 2:0:1:0: [sdb] Incomplete mode parameter data
[   43.944871] sd 2:0:1:0: [sdb] Assuming drive cache: write through
[   44.153170] sd 2:0:1:0: [sdb] Attached SCSI disk
Begin: Loading essential drivers ... [   45.608027] raid6: sse2x1   gen() 12617 MB/s
[   45.872589] raid6: sse2x1   xor()  9516 MB/s
[   46.094828] raid6: sse2x2   gen() 16446 MB/s
[   46.376356] raid6: sse2x2   xor() 10110 MB/s
[   46.444751] raid6: sse2x4   gen() 16859 MB/s
[   46.724598] raid6: sse2x4   xor() 12426 MB/s
[   46.979593] raid6: avx2x1   gen() 27741 MB/s
[   47.214139] raid6: avx2x1   xor() 18962 MB/s
[   47.492286] raid6: avx2x2   gen() 26765 MB/s
[   47.568028] raid6: avx2x2   xor() 19130 MB/s
[   47.851367] raid6: avx2x4   gen() 31728 MB/s
[   48.084907] raid6: avx2x4   xor() 24509 MB/s
[   48.275581] raid6: using algorithm avx2x4 gen() 31728 MB/s
[   48.564819] raid6: .... xor() 24509 MB/s, rmw enabled
[   48.604871] raid6: using avx2x2 recovery algorithm
[   48.607127] xor: automatically using best checksumming function   avx       
[   48.764938] async_tx: api initialized (async)
done.
Begin: Running /scripts/init-p[   48.936497] Btrfs loaded, crc32c=crc32c-intel
remount ... done.
Begin: Mounting root file system ... Begin: Running /scripts/local-top ... done.
Begin: Running /scripts/local-premount ... Scanning for Btrfs filesystems
done.
Warning: fsck not present, so sk[   49.115858] EXT4-fs (sda1): INFO: recovery required on readonly filesystem
ipping root file[   49.565302] EXT4-fs (sda1): write access will be enabled during recovery
 system
[   49.717718] EXT4-fs (sda1): recovery complete
[   49.718789] EXT4-fs (sda1): mounted filesystem with ordered data mode. Opts: (null)
done.
Begin: Running /scripts/local-bottom ... done.
Begin: Running /scripts/init-bottom ... done.
[   49.879982] ip_tables: (C) 2000-2006 Netfilter Core Team
[   50.181984] systemd[1]: systemd 237 running in system mode. (+PAM +AUDIT +SELINUX +IMA +APPARMOR +SMACK +SYSVINIT +UTMP +LIBCRYPTSETUP +GCRYPT +GNUTLS +ACL +XZ +LZ4 +SECCOMP +BLKID +ELFUTILS +KMOD -IDN2 +IDN -PCRE2 default-hierarchy=hybrid)
[   51.026126] systemd[1]: Detected virtualization oracle.
[   51.188337] systemd[1]: Detected architecture x86-64.

Welcome to [1mUbuntu 18.04.1 LTS[0m!

[   51.447411] systemd[1]: Set hostname to <ubuntu-bionic>.
[   52.725162] systemd[1]: Reached target Swap.
[[0;32m  OK  [0m] Reached target Swap.
[   52.960153] systemd[1]: Reached target User and Group Name Lookups.
[[0;32m  OK  [0m] Reached target User and Group Name Lookups.
[   53.224732] systemd[1]: Reached target System Time Synchronized.
[[0;32m  OK  [0m] Reached target System Time Synchronized.
[   53.592214] systemd[1]: Created slice System Slice.
[[0;32m  OK  [0m] Created slice System Slice.
[   53.905345] systemd[1]: Created slice system-serial\x2dgetty.slice.
[[0;32m  OK  [0m] Created slice system-serial\x2dgetty.slice.
[   54.060451] systemd[1]: Listening on LVM2 metadata daemon socket.
[[0;32m  OK  [0m] Listening on LVM2 metadata daemon socket.
[[0;32m  OK  [0m] Listening on udev Kernel Socket.
[[0;32m  OK  [0m] Listening on Journal Socket.
         Starting Uncompl[   54.067424] random: crng init done
icated firewall.[   54.068384] random: 7 urandom warning(s) missed due to ratelimiting
..
         Starting Create list of required st…ce nodes for the current kernel...
[[0;32m  OK  [0m] Listening on Journal Audit Socket.
[[0;32m  OK  [0m] Listening on Journal Socket (/dev/log).
[[0;32m  OK  [0m] Listening on /dev/initctl Compatibility Named Pipe.
         Starting Remount[   54.358613] EXT4-fs (sda1): re-mounted. Opts: (null)
 Root and Kernel File Systems...
[[0;32m  OK  [0m] Listening on Syslog Socket.
[[0;32m  OK  [0m] Created slice User and Session Slice.
         Starting Set the console keyboard layout...
[[0;32m  OK  [0m] Listening on Network Service Netlink Socket.
         Mounting Huge Pages File System...
         Starting Journal Service...
         Mounting Kernel Debug File System...
         Mounting POSIX Message Queue File System...
[[0;32m  OK  [0m] Started Forward Password Requests to Wall Directory Watch.
[[0;32m  OK  [0m] Set up automount Arbitrary Executab…rmats File System Automount Point.
[[0;32m  OK  [0m] Listening on LVM2 poll daemon socket.
[[0;32m  OK  [0m] Listening on udev Control Socket.
         Starting udev Coldplug all Devices...
[   55.220319] systemd[1]: Listening on Device-mapper event daemon FIFOs.
[[0;32m  OK  [0m] Listening on Device-mapper event daemon FIFOs.
[   55.653933] systemd[1]: Starting Monitoring of LVM2 mirrors, snapshots etc. using dmeventd or progress polling...
         Starting Monitoring of LVM2 mirrors…ng dmeventd or progress polling...
[   55.679799] systemd[1]: Reached target Slices.
[[0;32m  OK  [0m] Reached target Slices.
[   55.684551] systemd[1]: Starting Load Kernel Modules...
         Starting Load Ke[   55.978830] Loading iSCSI transport class v2.0-870.
rnel Modules...[   56.148361] iscsi: registered transport (tcp)

[   56.230355] systemd[1]: Started Journal Service.
[[0;32m  OK  [0m] Started Journ[   56.352341] iscsi: registered transport (iser)
al Service.
[[0;32m  OK  [0m] Started Uncomplicated firewall.
[[0;32m  OK  [0m] Started Create list of required sta…vice nodes for the current kernel.
[[0;32m  OK  [0m] Started Remount Root and Kernel File Systems.
[[0;32m  OK  [0m] Started Set the console keyboard layout.
[[0;32m  OK  [0m] Mounted Huge Pages File System.
[[0;32m  OK  [0m] Mounted Kernel Debug File System.
[[0;32m  OK  [0m] Mounted POSIX Message Queue File System.
[[0;32m  OK  [0m] Started Load Kernel Modules.
[[0;32m  OK  [0m] Started udev Coldplug all Devices.
[[0;32m  OK  [0m] Started LVM2 metadata daemon.
         Starting Apply Kernel Variables...
         Mounting FUSE Control File System...
         Mounting Kernel Configuration File System...
         Starting Initial cloud-init job (pre-networking)...
         Starting Load/Save Random Seed...
         Starting Create Static Device Nodes in /dev...
         Starting Flush Journal to Persistent Storage...
[[0;32m  OK  [0m] Started Monitoring of LVM2 mirrors,…sing dmeventd or progress polling.
[[0;32m  OK  [0m] Started Apply Kernel Variables.
[[0;32m  OK  [0m] Mounted FUSE Control File System.
[[0;32m  OK  [0m] Mounted Kernel Configuration File System.
[[0;32m  OK  [0m] Started Load/Save Random Seed.
[[0;32m  OK  [0m] Started Create Static Device Nodes in /dev.
         Starting udev Kernel Device Manager...
[[0;32m  OK  [0m] Reached target Local File Systems (Pre).
[[0;32m  OK  [0m] Reached target Local File Systems.
         Starting ebtables ruleset management...
         Starting Set console font and keymap...
         Starting Tell Plymouth To Write Out Runtime Data...
         Starting AppArmor initialization...
[[0;32m  OK  [0m] Started udev Kernel Device Manager.
[[0;32m  OK  [0m] Started Set console font and keymap.
[[0;32m  OK  [0m] Started Tell Plymouth To Write Out Runtime Data.
[[0;32m  OK  [0m] Started Dispatch Password Requests to Console Directory Watch.
[[0;32m  OK  [0m] Reached target Local Encrypted Volumes.
[[0;32m  OK  [0m] Started ebtables ruleset management.
[[0;32m  OK  [0m] Started Flush Journal to Persistent Storage.
         Starting Create Volatile Files and Directories...
[[0;32m  OK  [0m] Found device /dev/ttyS0.
[[0;32m  OK  [0m] Started Create Volatile Files and Directories.
         Starting Update UTMP about System Bookerst/Shutdown...
[[0;32m  OK  [0m] Listening on Load/Save RF Kill Switch Status /dev/rfkill Watch.
[[0;32m  OK  [0m] Started Update UTMP about System Bookerst/Shutdown.
[[0;32m  OK  [0m] Started AppArmor initialization.
[   58.802758] cloud-init[415]: Cloud-init v. 18.4-0ubuntu1~18.04.1 running 'init-local' at Thu, 14 Feb 2019 04:25:34 +0000. Up 58.61 seconds.
[[0;32m  OK  [0m] Started Initial cloud-init job (pre-networking).
[[0;32m  OK  [0m] Reached target Network (Pre).
         Starting Network Service...
[[0;32m  OK  [0m] Started Network Service.
         Starting Wait for Network to be Configured...
         Starting Network Name Resolution...
[[0;32m  OK  [0m] Started Network Name Resolution.
[[0;32m  OK  [0m] Reached target Host and Network Name Lookups.
[[0;32m  OK  [0m] Reached target Network.
[[0;32m  OK  [0m] Started Wait for Network to be Configured.
         Starting Initial cloud-init job (metadata service crawler)...
[   61.412867] cloud-init[668]: Cloud-init v. 18.4-0ubuntu1~18.04.1 running 'init' at Thu, 14 Feb 2019 04:25:36 +0000. Up 61.29 seconds.
[   61.479458] cloud-init[668]: ci-info: ++++++++++++++++++++++++++++++++++++++Net device info+++++++++++++++++++++++++++++++++++++++
[   61.482821] cloud-init[668]: ci-info: +--------+------+-----------------------------+---------------+--------+-------------------+
[   61.496249] cloud-init[668]: ci-info: | Device |  Up  |           Address           |      Mask     | Scope  |     Hw-Address    |
[   61.498608] cloud-init[668]: ci-info: +--------+------+-----------------------------+---------------+--------+-------------------+
[   61.512744] cloud-init[668]: ci-info: | enp0s3 | True |          10.0.2.15          | 255.255.255.0 | global | 02:f0:19:99:0e:05 |
[   61.515239] cloud-init[668]: ci-info: | enp0s3 | True |  fe80::f0:19ff:fe99:e05/64  |       .       |  link  | 02:f0:19:99:0e:05 |
[   61.534419] cloud-init[668]: ci-info: | enp0s8 | True |        192.168.33.10        | 255.255.255.0 | global | 08:00:27:1d:8c:4d |
[   61.549390] cloud-init[668]: ci-info: | enp0s8 | True | fe80::a00:27ff:fe1d:8c4d/64 |       .       |  link  | 08:00:27:1d:8c:4d |
[   61.555427] cloud-init[668]: ci-info: |   lo   | True |          127.0.0.1          |   255.0.0.0   |  host  |         .         |
[[0;32m  OK  [0m[   61.668358] cloud-init[668]: ci-info: |   lo   | True |           ::1/128           |       .       |  host  |         .         |
] Started Initial cloud-init job (metadata service crawler).
[   61.668693] cloud-init[668]: ci-info: +--------+------+-----------------------------+---------------+--------+-------------------+
[[   61.833625] cloud-init[668]: ci-info: +++++++++++++++++++++++++++++Route IPv4 info+++++++++++++++++++++++++++++
[0;32m  OK  [0m] Reached target Cloud-config availability.
[[   61.834796] cloud-init[668]: ci-info: +-------+--------------+----------+-----------------+-----------+-------+
[0;32m  OK  [0m] Reached target Network is Online.
[   62.021411] cloud-init[668]: ci-info: | Route | Destination  | Gateway  |     Genmask     | Interface | Flags |
         [   62.304743] cloud-init[668]: ci-info: +-------+--------------+----------+-----------------+-----------+-------+
Starting Availability of block devices...
[[   62.305290] cloud-init[668]: ci-info: |   0   |   0.0.0.0    | 10.0.2.2 |     0.0.0.0     |   enp0s3  |   UG  |
[0;32m  OK  [0m] Reached target Remote File Systems (Pre).
[[   62.470315] cloud-init[668]: ci-info: |   1   |   10.0.2.0   | 0.0.0.0  |  255.255.255.0  |   enp0s3  |   U   |
[0;32m  OK  [0m] Reached target Remote File Systems.
[   62.641404] cloud-init[668]: ci-info: |   2   |   10.0.2.2   | 0.0.0.0  | 255.255.255.255 |   enp0s3  |   UH  |
[[   62.796862] [0;32m  OK  [0mcloud-init] Reached target System Initialization.
[668]: ci-info: |   3   | 192.168.33.0 | 0.0.0.0  |  255.255.255.0  |   enp0s8  |   U   |
         [   62.970096] cloud-init[668]: ci-info: +-------+--------------+----------+-----------------+-----------+-------+
Starting LXD - unix socket.
[   62.971005] cloud-init[668]: ci-info: +++++++++++++++++++Route IPv6 info+++++++++++++++++++
[[0;32m  OK  [0m] Listening on Open-iSCSI iscsid Socket.
[   63.192218] [[0;32m  OK  [0m] Listening on ACPID Listen Socket.
cloud-init[668]: ci-info: +-------+-------------+---------+-----------+-------+
[[   63.421534] cloud-init[668]: ci-info: | Route | Destination | Gateway | Interface | Flags |
[0;32m  OK  [0m] Started ACPI Events Check.
[   63.422219] cloud-init[668]: ci-info: +-------+-------------+---------+-----------+-------+
[[0;32m  OK  [0m[   63.640355] cloud-init[668]: ci-info: |   1   |  fe80::/64  |    ::   |   enp0s8  |   U   |
] Started Message of the Day.
[[0;32m  OK  [0m[   63.640773] cloud-init[668]: ci-info: |   2   |  fe80::/64  |    ::   |   enp0s3  |   U   |
] Reached target Paths.
[   63.774278] cloud-init[668]: ci-info: |   4   |    local    |    ::   |   enp0s3  |   U   |
         [   63.876937] cloud-init[668]: ci-info: |   5   |    local    |    ::   |   enp0s8  |   U   |
Starting Socket activation for snappy daemon.[   63.878085] cloud-init[668]: ci-info: |   6   |   ff00::/8  |    ::   |   enp0s8  |   U   |

[   63.879882] cloud-init[668]: ci-info: |   7   |   ff00::/8  |    ::   |   enp0s3  |   U   |
[[   63.905163] cloud-init[668]: ci-info: +-------+-------------+---------+-----------+-------+
[0;32m  OK  [0m] Started Discard unused blocks once a week.
[[0;32m  OK  [0m] Listening on UUID daemon activation socket.
[[0;32m  OK  [0m] Listening on D-Bus System Message Bus Socket.
[[0;32m  OK  [0m] Started Daily apt download activities.
[[0;32m  OK  [0m] Started Daily apt upgrade and clean activities.
[[0;32m  OK  [0m] Started Daily Cleanup of Temporary Directories.
[[0;32m  OK  [0m] Reached target Timers.
[[0;32m  OK  [0m] Started Availability of block devices.
[[0;32m  OK  [0m] Listening on LXD - unix socket.
[[0;32m  OK  [0m] Listening on Socket activation for snappy daemon.
[[0;32m  OK  [0m] Reached target Sockets.
[[0;32m  OK  [0m] Reached target Basic System.
[[0;32m  OK  [0m] Started Regular background program processing daemon.
         Starting Dispatcher daemon for systemd-networkd...
[[0;32m  OK  [0m] Started irqbalance daemon.
[[0;32m  OK  [0m] Started Deferred execution scheduler.
         Starting LSB: automatic crash report generation...
[[0;32m  OK  [0m] Started D-Bus System Message Bus.
         Starting OpenBSD Secure Shell server...
         Starting Accounts Service...
         Starting Snappy daemon...
         Starting Permit User Sessions...
         Starting Login Service...
         Starting LSB: Record successful boot for GRUB...
[[0;32m  OK  [0m] Started FUSE filesystem for LXC.
         Starting System Logging Service...
         Starting vboxadd.service...
         Starting LXD - container startup/shutdown...
[[0;32m  OK  [0m] Started Dispatcher daemon for systemd-networkd.
[[0;32m  OK  [0m] Started OpenBSD Secure Shell server.
[[0;32m  OK  [0m] Started System Logging Service.
[[0;32m  OK  [0m] Started Snappy daemon.
[[0;32m  OK  [0m] Started Permit User Sessions.
[[0;32m  OK  [0m] Started Login Service.
[[0;32m  OK  [0m] Started Unattended Upgrades Shutdown.
         Starting Hold until boot process finishes up...
         Starting Terminate Plymouth Bookerst Screen...
         Starting Wait until snapd is fully seeded...
         Starting Authorization Manager...
[[0;32m  OK  [0m] Started LXD - container startup/shutdown.
[[0;32m  OK  [0m] Started Hold until boot process finishes up.
[[0;32m  OK  [0m] Started LSB: automatic crash report generation.
[[0;32m  OK  [0m] Started LSB: Record successful boot for GRUB.
[[0;32m  OK  [0m] Started vboxadd.service.
[[0;32m  OK  [0m] Started Terminate Plymouth Bookerst Screen.
[[0;32m  OK  [0m] Started Wait until snapd is fully seeded.
[[0;32m  OK  [0m] Started Authorization Manager.
[[0;32m  OK  [0m] Started Accounts Service.
         Starting Apply the settings specified in cloud-config...
         Starting vboxadd-service.service...
         Starting Set console scheme...
[[0;32m  OK  [0m] Started Serial Getty on ttyS0.
[[0;32m  OK  [0m] Started vboxadd-service.service.
[[0;32m  OK  [0m] Started Set console scheme.
[[0;32m  OK  [0m] Created slice system-getty.slice.
[[0;32m  OK  [0m] Started Getty on tty1.
[[0;32m  OK  [0m] Reached target Login Prompts.
[[0;32m  OK  [0m] Reached target Multi-User System.
[[0;32m  OK  [0m] Reached target Graphical Interface.
         Starting Update UTMP about System Runlevel Changes...
[[0;32m  OK  [0m] Started Update UTMP about System Runlevel Changes.
[   66.132154] cloud-init[1096]: Cloud-init v. 18.4-0ubuntu1~18.04.1 running 'modules:config' at Thu, 14 Feb 2019 04:25:41 +0000. Up 66.02 seconds.
[[0;32m  OK  [0m] Started Apply the settings specified in cloud-config.
         Starting Execute cloud user/final scripts...
[   66.770371] cloud-init[1210]: Cloud-init v. 18.4-0ubuntu1~18.04.1 running 'modules:final' at Thu, 14 Feb 2019 04:25:42 +0000. Up 66.67 seconds.
[[0;32m  OK  [0m] Started Execute cloud user/final scripts.
[   66.951407] cloud-init[1210]: Cloud-init v. 18.4-0ubuntu1~18.04.1 finished at Thu, 14 Feb 2019 04:25:42 +0000. Datasource DataSourceNoCloud [seed=/dev/sdb][dsmode=net].  Up 66.76 seconds
[[0;32m  OK  [0m] Reached target Cloud-init target.

Ubuntu 18.04.1 LTS ubuntu-bionic ttyS0

ubuntu-bionic login: 